d:\ffxi\darkstar\win32\dsgame-server\debug\vc120.pdb
d:\ffxi\darkstar\win32\dsgame-server\debug\vc120.idb
d:\ffxi\darkstar\win32\dsgame-server\debug\blueutils.obj
d:\ffxi\darkstar\win32\dsgame-server\debug\charutils.obj
d:\ffxi\darkstar\win32\dsgame-server\debug\fishingutils.obj
d:\ffxi\darkstar\win32\dsgame-server\debug\guildutils.obj
d:\ffxi\darkstar\win32\dsgame-server\debug\battlefieldutils.obj
d:\ffxi\darkstar\win32\dsgame-server\debug\instanceutils.obj
d:\ffxi\darkstar\win32\dsgame-server\debug\itemutils.obj
d:\ffxi\darkstar\win32\dsgame-server\debug\jailutils.obj
d:\ffxi\darkstar\win32\dsgame-server\debug\mobutils.obj
d:\ffxi\darkstar\win32\dsgame-server\debug\petutils.obj
d:\ffxi\darkstar\win32\dsgame-server\debug\puppetutils.obj
d:\ffxi\darkstar\win32\dsgame-server\debug\synthutils.obj
d:\ffxi\darkstar\win32\dsgame-server\debug\zoneutils.obj
d:\ffxi\darkstar\win32\dsgame-server\debug\vana_time.obj
d:\ffxi\darkstar\win32\dsgame-server\debug\weapon_skill.obj
d:\ffxi\darkstar\win32\dsgame-server\debug\zone.obj
d:\ffxi\darkstar\win32\dsgame-server\debug\attack.obj
d:\ffxi\darkstar\win32\dsgame-server\debug\attackround.obj
d:\ffxi\darkstar\win32\dsgame-server\debug\zone_entities.obj
d:\ffxi\darkstar\win32\dsgame-server\debug\zone_instance.obj
d:\ffxi\darkstar\win32\dsgame-server\debug\wide_scan.obj
d:\ffxi\darkstar\win32\dsgame-server\debug\wide_scan_track.obj
d:\ffxi\darkstar\win32\dsgame-server\debug\zone_in.obj
d:\ffxi\darkstar\win32\dsgame-server\debug\zone_visited.obj
d:\ffxi\darkstar\win32\dsgame-server\debug\packet_system.obj
d:\ffxi\darkstar\win32\dsgame-server\debug\party.obj
d:\ffxi\darkstar\win32\dsgame-server\debug\recast_container.obj
d:\ffxi\darkstar\win32\dsgame-server\debug\region.obj
d:\ffxi\darkstar\win32\dsgame-server\debug\spell.obj
d:\ffxi\darkstar\win32\dsgame-server\debug\status_effect.obj
d:\ffxi\darkstar\win32\dsgame-server\debug\status_effect_container.obj
d:\ffxi\darkstar\win32\dsgame-server\debug\time_server.obj
d:\ffxi\darkstar\win32\dsgame-server\debug\trade_container.obj
d:\ffxi\darkstar\win32\dsgame-server\debug\trait.obj
d:\ffxi\darkstar\win32\dsgame-server\debug\transport.obj
d:\ffxi\darkstar\win32\dsgame-server\debug\treasure_pool.obj
d:\ffxi\darkstar\win32\dsgame-server\debug\universal_container.obj
d:\ffxi\darkstar\win32\dsgame-server\debug\attackutils.obj
d:\ffxi\darkstar\win32\dsgame-server\debug\battleutils.obj
d:\ffxi\darkstar\win32\dsgame-server\debug\blacklistutils.obj
d:\ffxi\darkstar\win32\dsgame-server\debug\party_map.obj
d:\ffxi\darkstar\win32\dsgame-server\debug\party_member_update.obj
d:\ffxi\darkstar\win32\dsgame-server\debug\party_search.obj
d:\ffxi\darkstar\win32\dsgame-server\debug\pet_sync.obj
d:\ffxi\darkstar\win32\dsgame-server\debug\position.obj
d:\ffxi\darkstar\win32\dsgame-server\debug\quest_mission_log.obj
d:\ffxi\darkstar\win32\dsgame-server\debug\release.obj
d:\ffxi\darkstar\win32\dsgame-server\debug\server_ip.obj
d:\ffxi\darkstar\win32\dsgame-server\debug\server_message.obj
d:\ffxi\darkstar\win32\dsgame-server\debug\shop_appraise.obj
d:\ffxi\darkstar\win32\dsgame-server\debug\shop_buy.obj
d:\ffxi\darkstar\win32\dsgame-server\debug\shop_items.obj
d:\ffxi\darkstar\win32\dsgame-server\debug\shop_menu.obj
d:\ffxi\darkstar\win32\dsgame-server\debug\stop_downloading.obj
d:\ffxi\darkstar\win32\dsgame-server\debug\synth_animation.obj
d:\ffxi\darkstar\win32\dsgame-server\debug\synth_message.obj
d:\ffxi\darkstar\win32\dsgame-server\debug\treasure_find_item.obj
d:\ffxi\darkstar\win32\dsgame-server\debug\treasure_lot_item.obj
d:\ffxi\darkstar\win32\dsgame-server\debug\entity_visual.obj
d:\ffxi\darkstar\win32\dsgame-server\debug\weather.obj
d:\ffxi\darkstar\win32\dsgame-server\debug\menu_config.obj
d:\ffxi\darkstar\win32\dsgame-server\debug\menu_merit.obj
d:\ffxi\darkstar\win32\dsgame-server\debug\menu_mog.obj
d:\ffxi\darkstar\win32\dsgame-server\debug\menu_raisetractor.obj
d:\ffxi\darkstar\win32\dsgame-server\debug\merit_points_categories.obj
d:\ffxi\darkstar\win32\dsgame-server\debug\message_basic.obj
d:\ffxi\darkstar\win32\dsgame-server\debug\message_debug.obj
d:\ffxi\darkstar\win32\dsgame-server\debug\message_special.obj
d:\ffxi\darkstar\win32\dsgame-server\debug\message_standard.obj
d:\ffxi\darkstar\win32\dsgame-server\debug\message_system.obj
d:\ffxi\darkstar\win32\dsgame-server\debug\message_text.obj
d:\ffxi\darkstar\win32\dsgame-server\debug\synth_result.obj
d:\ffxi\darkstar\win32\dsgame-server\debug\synth_suggestion.obj
d:\ffxi\darkstar\win32\dsgame-server\debug\trade_action.obj
d:\ffxi\darkstar\win32\dsgame-server\debug\trade_item.obj
d:\ffxi\darkstar\win32\dsgame-server\debug\trade_request.obj
d:\ffxi\darkstar\win32\dsgame-server\debug\trade_update.obj
d:\ffxi\darkstar\win32\dsgame-server\debug\world_pass.obj
d:\ffxi\darkstar\win32\dsgame-server\debug\party_define.obj
d:\ffxi\darkstar\win32\dsgame-server\debug\party_invite.obj
d:\ffxi\darkstar\win32\dsgame-server\debug\event_string.obj
d:\ffxi\darkstar\win32\dsgame-server\debug\event_update.obj
d:\ffxi\darkstar\win32\dsgame-server\debug\entity_animation.obj
d:\ffxi\darkstar\win32\dsgame-server\debug\fishing.obj
d:\ffxi\darkstar\win32\dsgame-server\debug\guild_menu.obj
d:\ffxi\darkstar\win32\dsgame-server\debug\guild_menu_buy.obj
d:\ffxi\darkstar\win32\dsgame-server\debug\guild_menu_sell.obj
d:\ffxi\darkstar\win32\dsgame-server\debug\guild_menu_buy_update.obj
d:\ffxi\darkstar\win32\dsgame-server\debug\guild_menu_sell_update.obj
d:\ffxi\darkstar\win32\dsgame-server\debug\instance_entry.obj
d:\ffxi\darkstar\win32\dsgame-server\debug\inventory_assign.obj
d:\ffxi\darkstar\win32\dsgame-server\debug\inventory_finish.obj
d:\ffxi\darkstar\win32\dsgame-server\debug\inventory_item.obj
d:\ffxi\darkstar\win32\dsgame-server\debug\inventory_modify.obj
d:\ffxi\darkstar\win32\dsgame-server\debug\inventory_size.obj
d:\ffxi\darkstar\win32\dsgame-server\debug\key_items.obj
d:\ffxi\darkstar\win32\dsgame-server\debug\linkshell_message.obj
d:\ffxi\darkstar\win32\dsgame-server\debug\linkshell_equip.obj
d:\ffxi\darkstar\win32\dsgame-server\debug\lock_on.obj
d:\ffxi\darkstar\win32\dsgame-server\debug\macroequipset.obj
d:\ffxi\darkstar\win32\dsgame-server\debug\char_equip.obj
d:\ffxi\darkstar\win32\dsgame-server\debug\char_health.obj
d:\ffxi\darkstar\win32\dsgame-server\debug\char_job_extra.obj
d:\ffxi\darkstar\win32\dsgame-server\debug\char_jobs.obj
d:\ffxi\darkstar\win32\dsgame-server\debug\char_skills.obj
d:\ffxi\darkstar\win32\dsgame-server\debug\char_spells.obj
d:\ffxi\darkstar\win32\dsgame-server\debug\char_stats.obj
d:\ffxi\darkstar\win32\dsgame-server\debug\char_sync.obj
d:\ffxi\darkstar\win32\dsgame-server\debug\char_update.obj
d:\ffxi\darkstar\win32\dsgame-server\debug\chat_message.obj
d:\ffxi\darkstar\win32\dsgame-server\debug\chocobo_digging.obj
d:\ffxi\darkstar\win32\dsgame-server\debug\change_music.obj
d:\ffxi\darkstar\win32\dsgame-server\debug\conquest_map.obj
d:\ffxi\darkstar\win32\dsgame-server\debug\cs_position.obj
d:\ffxi\darkstar\win32\dsgame-server\debug\currency1.obj
d:\ffxi\darkstar\win32\dsgame-server\debug\currency2.obj
d:\ffxi\darkstar\win32\dsgame-server\debug\delivery_box.obj
d:\ffxi\darkstar\win32\dsgame-server\debug\downloading_data.obj
d:\ffxi\darkstar\win32\dsgame-server\debug\entity_update.obj
d:\ffxi\darkstar\win32\dsgame-server\debug\event.obj
d:\ffxi\darkstar\win32\dsgame-server\debug\mob_spell_list.obj
d:\ffxi\darkstar\win32\dsgame-server\debug\modifier.obj
d:\ffxi\darkstar\win32\dsgame-server\debug\navmesh.obj
d:\ffxi\darkstar\win32\dsgame-server\debug\action.obj
d:\ffxi\darkstar\win32\dsgame-server\debug\auction_house.obj
d:\ffxi\darkstar\win32\dsgame-server\debug\basic.obj
d:\ffxi\darkstar\win32\dsgame-server\debug\bazaar_confirmation.obj
d:\ffxi\darkstar\win32\dsgame-server\debug\bazaar_purchase.obj
d:\ffxi\darkstar\win32\dsgame-server\debug\bazaar_check.obj
d:\ffxi\darkstar\win32\dsgame-server\debug\bazaar_close.obj
d:\ffxi\darkstar\win32\dsgame-server\debug\bazaar_item.obj
d:\ffxi\darkstar\win32\dsgame-server\debug\bazaar_message.obj
d:\ffxi\darkstar\win32\dsgame-server\debug\blacklist.obj
d:\ffxi\darkstar\win32\dsgame-server\debug\campaing_map.obj
d:\ffxi\darkstar\win32\dsgame-server\debug\caught_fish.obj
d:\ffxi\darkstar\win32\dsgame-server\debug\char.obj
d:\ffxi\darkstar\win32\dsgame-server\debug\char_abilities.obj
d:\ffxi\darkstar\win32\dsgame-server\debug\char_appearance.obj
d:\ffxi\darkstar\win32\dsgame-server\debug\char_check.obj
d:\ffxi\darkstar\win32\dsgame-server\debug\char_emotion.obj
d:\ffxi\darkstar\win32\dsgame-server\debug\item_container.obj
d:\ffxi\darkstar\win32\dsgame-server\debug\latent_effect.obj
d:\ffxi\darkstar\win32\dsgame-server\debug\latent_effect_container.obj
d:\ffxi\darkstar\win32\dsgame-server\debug\linkshell.obj
d:\ffxi\darkstar\win32\dsgame-server\debug\luautils.obj
d:\ffxi\darkstar\win32\dsgame-server\debug\lua_ability.obj
d:\ffxi\darkstar\win32\dsgame-server\debug\lua_baseentity.obj
d:\ffxi\darkstar\win32\dsgame-server\debug\lua_battlefield.obj
d:\ffxi\darkstar\win32\dsgame-server\debug\lua_instance.obj
d:\ffxi\darkstar\win32\dsgame-server\debug\lua_item.obj
d:\ffxi\darkstar\win32\dsgame-server\debug\lua_mobskill.obj
d:\ffxi\darkstar\win32\dsgame-server\debug\lua_region.obj
d:\ffxi\darkstar\win32\dsgame-server\debug\lua_spell.obj
d:\ffxi\darkstar\win32\dsgame-server\debug\lua_statuseffect.obj
d:\ffxi\darkstar\win32\dsgame-server\debug\lua_trade_container.obj
d:\ffxi\darkstar\win32\dsgame-server\debug\lua_zone.obj
d:\ffxi\darkstar\win32\dsgame-server\debug\map.obj
d:\ffxi\darkstar\win32\dsgame-server\debug\merit.obj
d:\ffxi\darkstar\win32\dsgame-server\debug\mobskill.obj
d:\ffxi\darkstar\win32\dsgame-server\debug\mob_spell_container.obj
d:\ffxi\darkstar\win32\dsgame-server\debug\charentity.obj
d:\ffxi\darkstar\win32\dsgame-server\debug\mobentity.obj
d:\ffxi\darkstar\win32\dsgame-server\debug\npcentity.obj
d:\ffxi\darkstar\win32\dsgame-server\debug\petentity.obj
d:\ffxi\darkstar\win32\dsgame-server\debug\grades.obj
d:\ffxi\darkstar\win32\dsgame-server\debug\battlefield.obj
d:\ffxi\darkstar\win32\dsgame-server\debug\battlefield_handler.obj
d:\ffxi\darkstar\win32\dsgame-server\debug\instance.obj
d:\ffxi\darkstar\win32\dsgame-server\debug\instance_loader.obj
d:\ffxi\darkstar\win32\dsgame-server\debug\item.obj
d:\ffxi\darkstar\win32\dsgame-server\debug\item_armor.obj
d:\ffxi\darkstar\win32\dsgame-server\debug\item_currency.obj
d:\ffxi\darkstar\win32\dsgame-server\debug\item_fish.obj
d:\ffxi\darkstar\win32\dsgame-server\debug\item_furnishing.obj
d:\ffxi\darkstar\win32\dsgame-server\debug\item_general.obj
d:\ffxi\darkstar\win32\dsgame-server\debug\item_linkshell.obj
d:\ffxi\darkstar\win32\dsgame-server\debug\item_puppet.obj
d:\ffxi\darkstar\win32\dsgame-server\debug\item_shop.obj
d:\ffxi\darkstar\win32\dsgame-server\debug\item_usable.obj
d:\ffxi\darkstar\win32\dsgame-server\debug\item_weapon.obj
d:\ffxi\darkstar\win32\dsgame-server\debug\pathfind.obj
d:\ffxi\darkstar\win32\dsgame-server\debug\targetfind.obj
d:\ffxi\darkstar\win32\dsgame-server\debug\ability_state.obj
d:\ffxi\darkstar\win32\dsgame-server\debug\attack_state.obj
d:\ffxi\darkstar\win32\dsgame-server\debug\item_state.obj
d:\ffxi\darkstar\win32\dsgame-server\debug\magic_state.obj
d:\ffxi\darkstar\win32\dsgame-server\debug\mobskill_state.obj
d:\ffxi\darkstar\win32\dsgame-server\debug\range_state.obj
d:\ffxi\darkstar\win32\dsgame-server\debug\state.obj
d:\ffxi\darkstar\win32\dsgame-server\debug\weaponskill_state.obj
d:\ffxi\darkstar\win32\dsgame-server\debug\alliance.obj
d:\ffxi\darkstar\win32\dsgame-server\debug\blue_spell.obj
d:\ffxi\darkstar\win32\dsgame-server\debug\blue_trait.obj
d:\ffxi\darkstar\win32\dsgame-server\debug\message.obj
d:\ffxi\darkstar\win32\dsgame-server\debug\commandhandler.obj
d:\ffxi\darkstar\win32\dsgame-server\debug\conquest_system.obj
d:\ffxi\darkstar\win32\dsgame-server\debug\enmity_container.obj
d:\ffxi\darkstar\win32\dsgame-server\debug\automatonentity.obj
d:\ffxi\darkstar\win32\dsgame-server\debug\baseentity.obj
d:\ffxi\darkstar\win32\dsgame-server\debug\battleentity.obj
d:\ffxi\darkstar\win32\dsgame-server\debug\md52.obj
d:\ffxi\darkstar\win32\dsgame-server\debug\showmsg.obj
d:\ffxi\darkstar\win32\dsgame-server\debug\socket.obj
d:\ffxi\darkstar\win32\dsgame-server\debug\sql.obj
d:\ffxi\darkstar\win32\dsgame-server\debug\strlib.obj
d:\ffxi\darkstar\win32\dsgame-server\debug\taskmgr.obj
d:\ffxi\darkstar\win32\dsgame-server\debug\timer.obj
d:\ffxi\darkstar\win32\dsgame-server\debug\utils.obj
d:\ffxi\darkstar\win32\dsgame-server\debug\zlib.obj
d:\ffxi\darkstar\win32\dsgame-server\debug\ability.obj
d:\ffxi\darkstar\win32\dsgame-server\debug\ai_automaton_dummy.obj
d:\ffxi\darkstar\win32\dsgame-server\debug\ai_char_charm.obj
d:\ffxi\darkstar\win32\dsgame-server\debug\ai_char_gm.obj
d:\ffxi\darkstar\win32\dsgame-server\debug\ai_char_normal.obj
d:\ffxi\darkstar\win32\dsgame-server\debug\ai_char_prisoner.obj
d:\ffxi\darkstar\win32\dsgame-server\debug\ai_general.obj
d:\ffxi\darkstar\win32\dsgame-server\debug\ai_mob_dummy.obj
d:\ffxi\darkstar\win32\dsgame-server\debug\ai_npc_dummy.obj
d:\ffxi\darkstar\win32\dsgame-server\debug\ai_pet_dummy.obj
d:\ffxi\darkstar\win32\dsgame-server\debug\ai_ultimate_summon.obj
d:\ffxi\darkstar\win32\dsgame-server\debug\blowfish.obj
d:\ffxi\darkstar\win32\dsgame-server\debug\detouralloc.obj
d:\ffxi\darkstar\win32\dsgame-server\debug\detourcommon.obj
d:\ffxi\darkstar\win32\dsgame-server\debug\detournavmesh.obj
d:\ffxi\darkstar\win32\dsgame-server\debug\detournavmeshbuilder.obj
d:\ffxi\darkstar\win32\dsgame-server\debug\detournavmeshquery.obj
d:\ffxi\darkstar\win32\dsgame-server\debug\detournode.obj
d:\ffxi\darkstar\win32\dsgame-server\debug\dsprand.obj
d:\ffxi\darkstar\win32\dsgame-server\debug\kernel.obj
d:\ffxi\darkstar\win32\dsgame-server\debug\malloc.obj
d:\ffxi\darkstar\dsgame-server.ilk
d:\ffxi\darkstar\dsgame-server.exe
d:\ffxi\darkstar\dsgame-server.pdb
d:\ffxi\darkstar\win32\dsgame-server\debug\resource.res
d:\ffxi\darkstar\win32\dsgame-server\..\..\dsgame-server.exe
d:\ffxi\darkstar\win32\dsgame-server\debug\dsgame-server.tlog\cl.command.1.tlog
d:\ffxi\darkstar\win32\dsgame-server\debug\dsgame-server.tlog\cl.read.1.tlog
d:\ffxi\darkstar\win32\dsgame-server\debug\dsgame-server.tlog\cl.write.1.tlog
d:\ffxi\darkstar\win32\dsgame-server\debug\dsgame-server.tlog\link.command.1.tlog
d:\ffxi\darkstar\win32\dsgame-server\debug\dsgame-server.tlog\link.read.1.tlog
d:\ffxi\darkstar\win32\dsgame-server\debug\dsgame-server.tlog\link.write.1.tlog
d:\ffxi\darkstar\win32\dsgame-server\debug\dsgame-server.tlog\rc.command.1.tlog
d:\ffxi\darkstar\win32\dsgame-server\debug\dsgame-server.tlog\rc.read.1.tlog
d:\ffxi\darkstar\win32\dsgame-server\debug\dsgame-server.tlog\rc.write.1.tlog
