Build started 2/3/2015 3:52:10 PM.
     1>Project "D:\FFXI\darkstar\win32\DSGame-server\DSGame-server.vcxproj" on node 2 (Build target(s)).
     1>ClCompile:
         D:\VS2013\VC\bin\CL.exe /c /I"D:\FFXI\darkstar\win32\DSGame-server\..\external" /I"D:\FFXI\darkstar\win32\DSGame-server\..\external\mysql" /I"D:\FFXI\darkstar\win32\DSGame-server\..\external\zmq" /ZI /nologo /W1 /WX- /Od /Oy- /D WIN32 /D _DEBUG /D _CONSOLE /D dsUDPSERV /D DEBUGLOGMAP /D _CRT_SECURE_NO_WARNINGS /D NOMINMAX /D _MBCS /Gm /EHa /RTC1 /MDd /GS /fp:precise /Zc:wchar_t /Zc:forScope /Fo"Debug\\" /Fd"Debug\vc120.pdb" /Gd /TP /analyze- /errorReport:prompt ..\..\src\map\latent_effect_container.cpp
         latent_effect_container.cpp
       Link:
         D:\VS2013\VC\bin\link.exe /ERRORREPORT:PROMPT /OUT:"..\..\DSGame-server.exe" /INCREMENTAL /NOLOGO /LIBPATH:..\..\lib libmariadb.lib lua51.lib "libzmq-d.lib" WS2_32.lib kernel32.lib user32.lib gdi32.lib winspool.lib comdlg32.lib advapi32.lib shell32.lib ole32.lib oleaut32.lib uuid.lib odbc32.lib odbccp32.lib /MANIFEST /MANIFESTUAC:"level='asInvoker' uiAccess='false'" /manifest:embed /DEBUG /PDB:"D:\FFXI\darkstar\DSGame-server.pdb" /SUBSYSTEM:CONSOLE /TLBID:1 /DYNAMICBASE /NXCOMPAT /IMPLIB:"..\..\DSGame-server.lib" /MACHINE:X86 /SAFESEH:NO Debug\resource.res
         Debug\blowfish.obj
         Debug\DetourAlloc.obj
         Debug\DetourCommon.obj
         Debug\DetourNavMesh.obj
         Debug\DetourNavMeshBuilder.obj
         Debug\DetourNavMeshQuery.obj
         Debug\DetourNode.obj
         Debug\dsprand.obj
         Debug\kernel.obj
         Debug\malloc.obj
         Debug\md52.obj
         Debug\showmsg.obj
         Debug\socket.obj
         Debug\sql.obj
         Debug\strlib.obj
         Debug\taskmgr.obj
         Debug\timer.obj
         Debug\utils.obj
         Debug\zlib.obj
         Debug\ability.obj
         Debug\ai_automaton_dummy.obj
         Debug\ai_char_charm.obj
         Debug\ai_char_gm.obj
         Debug\ai_char_normal.obj
         Debug\ai_char_prisoner.obj
         Debug\ai_general.obj
         Debug\ai_mob_dummy.obj
         Debug\ai_npc_dummy.obj
         Debug\ai_pet_dummy.obj
         Debug\ai_ultimate_summon.obj
         Debug\pathfind.obj
         Debug\targetfind.obj
         Debug\ability_state.obj
         Debug\attack_state.obj
         Debug\item_state.obj
         Debug\magic_state.obj
         Debug\mobskill_state.obj
         Debug\range_state.obj
         Debug\state.obj
         Debug\weaponskill_state.obj
         Debug\alliance.obj
         Debug\blue_spell.obj
         Debug\blue_trait.obj
         Debug\message.obj
         Debug\commandhandler.obj
         Debug\conquest_system.obj
         Debug\enmity_container.obj
         Debug\automatonentity.obj
         Debug\baseentity.obj
         Debug\battleentity.obj
         Debug\charentity.obj
         Debug\mobentity.obj
         Debug\npcentity.obj
         Debug\petentity.obj
         Debug\grades.obj
         Debug\battlefield.obj
         Debug\battlefield_handler.obj
         Debug\instance.obj
         Debug\instance_loader.obj
         Debug\item.obj
         Debug\item_armor.obj
         Debug\item_currency.obj
         Debug\item_fish.obj
         Debug\item_furnishing.obj
         Debug\item_general.obj
         Debug\item_linkshell.obj
         Debug\item_puppet.obj
         Debug\item_shop.obj
         Debug\item_usable.obj
         Debug\item_weapon.obj
         Debug\item_container.obj
         Debug\latent_effect.obj
         Debug\latent_effect_container.obj
         Debug\linkshell.obj
         Debug\luautils.obj
         Debug\lua_ability.obj
         Debug\lua_baseentity.obj
         Debug\lua_battlefield.obj
         Debug\lua_instance.obj
         Debug\lua_item.obj
         Debug\lua_mobskill.obj
         Debug\lua_region.obj
         Debug\lua_spell.obj
         Debug\lua_statuseffect.obj
         Debug\lua_trade_container.obj
         Debug\lua_zone.obj
         Debug\map.obj
         Debug\merit.obj
         Debug\mobskill.obj
         Debug\mob_spell_container.obj
         Debug\mob_spell_list.obj
         Debug\modifier.obj
         Debug\navmesh.obj
         Debug\action.obj
         Debug\auction_house.obj
         Debug\basic.obj
         Debug\bazaar_confirmation.obj
         Debug\bazaar_purchase.obj
         Debug\bazaar_check.obj
         Debug\bazaar_close.obj
         Debug\bazaar_item.obj
         Debug\bazaar_message.obj
         Debug\blacklist.obj
         Debug\campaing_map.obj
         Debug\caught_fish.obj
         Debug\char.obj
         Debug\char_abilities.obj
         Debug\char_appearance.obj
         Debug\char_check.obj
         Debug\char_emotion.obj
         Debug\char_equip.obj
         Debug\char_health.obj
         Debug\char_job_extra.obj
         Debug\char_jobs.obj
         Debug\char_skills.obj
         Debug\char_spells.obj
         Debug\char_stats.obj
         Debug\char_sync.obj
         Debug\char_update.obj
         Debug\chat_message.obj
         Debug\chocobo_digging.obj
         Debug\change_music.obj
         Debug\conquest_map.obj
         Debug\cs_position.obj
         Debug\currency1.obj
         Debug\currency2.obj
         Debug\delivery_box.obj
         Debug\downloading_data.obj
         Debug\entity_update.obj
         Debug\event.obj
         Debug\event_string.obj
         Debug\event_update.obj
         Debug\entity_animation.obj
         Debug\fishing.obj
         Debug\guild_menu.obj
         Debug\guild_menu_buy.obj
         Debug\guild_menu_sell.obj
         Debug\guild_menu_buy_update.obj
         Debug\guild_menu_sell_update.obj
         Debug\instance_entry.obj
         Debug\inventory_assign.obj
         Debug\inventory_finish.obj
         Debug\inventory_item.obj
         Debug\inventory_modify.obj
         Debug\inventory_size.obj
         Debug\key_items.obj
         Debug\linkshell_message.obj
         Debug\linkshell_equip.obj
         Debug\lock_on.obj
         Debug\macroequipset.obj
         Debug\menu_config.obj
         Debug\menu_merit.obj
         Debug\menu_mog.obj
         Debug\menu_raisetractor.obj
         Debug\merit_points_categories.obj
         Debug\message_basic.obj
         Debug\message_debug.obj
         Debug\message_special.obj
         Debug\message_standard.obj
         Debug\message_system.obj
         Debug\message_text.obj
         Debug\synth_result.obj
         Debug\synth_suggestion.obj
         Debug\trade_action.obj
         Debug\trade_item.obj
         Debug\trade_request.obj
         Debug\trade_update.obj
         Debug\world_pass.obj
         Debug\party_define.obj
         Debug\party_invite.obj
         Debug\party_map.obj
         Debug\party_member_update.obj
         Debug\party_search.obj
         Debug\pet_sync.obj
         Debug\position.obj
         Debug\quest_mission_log.obj
         Debug\release.obj
         Debug\server_ip.obj
         Debug\server_message.obj
         Debug\shop_appraise.obj
         Debug\shop_buy.obj
         Debug\shop_items.obj
         Debug\shop_menu.obj
         Debug\stop_downloading.obj
         Debug\synth_animation.obj
         Debug\synth_message.obj
         Debug\treasure_find_item.obj
         Debug\treasure_lot_item.obj
         Debug\entity_visual.obj
         Debug\weather.obj
         Debug\wide_scan.obj
         Debug\wide_scan_track.obj
         Debug\zone_in.obj
         Debug\zone_visited.obj
         Debug\packet_system.obj
         Debug\party.obj
         Debug\recast_container.obj
         Debug\region.obj
         Debug\spell.obj
         Debug\status_effect.obj
         Debug\status_effect_container.obj
         Debug\time_server.obj
         Debug\trade_container.obj
         Debug\trait.obj
         Debug\transport.obj
         Debug\treasure_pool.obj
         Debug\universal_container.obj
         Debug\attackutils.obj
         Debug\battleutils.obj
         Debug\blacklistutils.obj
         Debug\blueutils.obj
         Debug\charutils.obj
         Debug\fishingutils.obj
         Debug\guildutils.obj
         Debug\battlefieldutils.obj
         Debug\instanceutils.obj
         Debug\itemutils.obj
         Debug\jailutils.obj
         Debug\mobutils.obj
         Debug\petutils.obj
         Debug\puppetutils.obj
         Debug\synthutils.obj
         Debug\zoneutils.obj
         Debug\vana_time.obj
         Debug\weapon_skill.obj
         Debug\zone.obj
         Debug\attack.obj
         Debug\attackround.obj
         Debug\zone_entities.obj
         Debug\zone_instance.obj
         DSGame-server.vcxproj -> D:\FFXI\darkstar\win32\DSGame-server\..\..\DSGame-server.exe
     1>Done Building Project "D:\FFXI\darkstar\win32\DSGame-server\DSGame-server.vcxproj" (Build target(s)).

Build succeeded.

Time Elapsed 00:00:06.03
